PS C:\Financials Automation_Github\deployment_package_v1.0_FINAL_BUGFIXED\deployment_package_v1.0_FINAL_BUGFIXED> pip install -r requirements.txt
Requirement already satisfied: PyQt5==5.15.11 in c:\users\mishr\appdata\local\programs\python\python313\lib\site-packages (from -r requirements.txt (line 1)) (5.15.11)
Collecting psycopg2-binary==2.9.9 (from -r requirements.txt (line 2))
  Using cached psycopg2-binary-2.9.9.tar.gz (384 kB)
  Installing build dependencies ... done
  Getting requirements to build wheel ... done
  Preparing metadata (pyproject.toml) ... done
Collecting python-dotenv==1.0.0 (from -r requirements.txt (line 3))
  Using cached python_dotenv-1.0.0-py3-none-any.whl.metadata (21 kB)
Requirement already satisfied: PyQt5-sip<13,>=12.15 in c:\users\mishr\appdata\local\programs\python\python313\lib\site-packages (from PyQt5==5.15.11->-r requirements.txt (line 1)) (12.17.1)
Requirement already satisfied: PyQt5-Qt5<5.16.0,>=5.15.2 in c:\users\mishr\appdata\local\programs\python\python313\lib\site-packages (from PyQt5==5.15.11->-r requirements.txt (line 1)) (5.15.2)
Using cached python_dotenv-1.0.0-py3-none-any.whl (19 kB)
Building wheels for collected packages: psycopg2-binary
  Building wheel for psycopg2-binary (pyproject.toml) ... error
  error: subprocess-exited-with-error

  Ã— Building wheel for psycopg2-binary (pyproject.toml) did not run successfully.
  â”‚ exit code: 1
  â•°â”€> [45 lines of output]
      C:\Users\mishr\AppData\Local\Temp\pip-build-env-30_90r3l\overlay\Lib\site-packages\setuptools\dist.py:759: SetuptoolsDeprecationWarning: License classifiers are deprecated.
      !!

              ********************************************************************************
              Please consider removing the following classifiers in favor of a SPDX license expression:

              License :: OSI Approved :: GNU Library or Lesser General Public License (LGPL)

              See https://packaging.python.org/en/latest/guides/writing-pyproject-toml/#license for details.
              ********************************************************************************

      !!
        self._finalize_license_expression()
      running bdist_wheel
      running build
      running build_py
      creating build\lib.win-amd64-cpython-313\psycopg2
      copying lib\errorcodes.py -> build\lib.win-amd64-cpython-313\psycopg2
      copying lib\errors.py -> build\lib.win-amd64-cpython-313\psycopg2
      copying lib\extensions.py -> build\lib.win-amd64-cpython-313\psycopg2
      copying lib\extras.py -> build\lib.win-amd64-cpython-313\psycopg2
      copying lib\pool.py -> build\lib.win-amd64-cpython-313\psycopg2
      copying lib\sql.py -> build\lib.win-amd64-cpython-313\psycopg2
      copying lib\tz.py -> build\lib.win-amd64-cpython-313\psycopg2
      copying lib\_ipaddress.py -> build\lib.win-amd64-cpython-313\psycopg2
      copying lib\_json.py -> build\lib.win-amd64-cpython-313\psycopg2
      copying lib\_range.py -> build\lib.win-amd64-cpython-313\psycopg2
      copying lib\__init__.py -> build\lib.win-amd64-cpython-313\psycopg2
      running build_ext
      building 'psycopg2._psycopg' extension
      creating build\temp.win-amd64-cpython-313\Release\psycopg
      "C:\Program Files (x86)\Microsoft Visual Studio\2019\BuildTools\VC\Tools\MSVC\14.29.30133\bin\HostX86\x64\cl.exe" /c /nologo /O2 /W3 /GL /DNDEBUG /MD "-DPSYCOPG_VERSION=2.9.9 (dt dec pq3 ext lo64)" -DPSYCOPG_DEBUG=1 -DPG_VERSION_NUM=160010 -DHAVE_LO64=1 -DPSYCOPG_DEBUG=1 -IC:\Users\mishr\AppData\Local\Programs\Python\Python313\include -IC:\Users\mishr\AppData\Local\Programs\Python\Python313\Include -I. -IC:/PROGRA~1/POSTGR~1/16/include -IC:/PROGRA~1/POSTGR~1/16/include/server "-IC:\Program Files (x86)\Microsoft Visual Studio\2019\BuildTools\VC\Tools\MSVC\14.29.30133\include" /Tcpsycopg\adapter_asis.c /Fobuild\temp.win-amd64-cpython-313\Release\psycopg\adapter_asis.obj
      adapter_asis.c
      C:\Users\mishr\AppData\Local\Programs\Python\Python313\include\pyconfig.h(59): fatal error C1083: Cannot open include file: 'io.h': No such file or directory

      It appears you are missing some prerequisite to build the package from source.

      You may install a binary package by installing 'psycopg2-binary' from PyPI.
      If you want to install psycopg2 from source, please install the packages
      required for the build and try again.

      For further information please check the 'doc/src/install.rst' file (also at
      <https://www.psycopg.org/docs/install.html>).

      error: command 'C:\\Program Files (x86)\\Microsoft Visual Studio\\2019\\BuildTools\\VC\\Tools\\MSVC\\14.29.30133\\bin\\HostX86\\x64\\cl.exe' failed with exit code 2
      [end of output]

  note: This error originates from a subprocess, and is likely not a problem with pip.
  ERROR: Failed building wheel for psycopg2-binary
Failed to build psycopg2-binary
error: failed-wheel-build-for-install

Ã— Failed to build installable wheels for some pyproject.toml based projects
â•°â”€> psycopg2-binary
PS C:\Financials Automation_Github\deployment_package_v1.0_FINAL_BUGFIXED\deployment_package_v1.0_FINAL_BUGFIXED> python build_executable.py

â•”â•â•â•â•â•â•â•â•â•â•â•â•â•â•â•â•â•â•â•â•â•â•â•â•â•â•â•â•â•â•â•â•â•â•â•â•â•â•â•â•â•â•â•â•â•â•â•â•â•â•â•â•â•â•â•â•â•â•â•â•â•â•â•â•â•â•â•â•â•â•â•â•â•â•â•â•â•â•â•â•â•—
â•‘                                                                                â•‘
â•‘           FINANCIAL AUTOMATION APPLICATION - EXECUTABLE BUILDER                â•‘
â•‘                                                                                â•‘
â•‘                           Version 1.0.0                                        â•‘
â•‘                                                                                â•‘
â•šâ•â•â•â•â•â•â•â•â•â•â•â•â•â•â•â•â•â•â•â•â•â•â•â•â•â•â•â•â•â•â•â•â•â•â•â•â•â•â•â•â•â•â•â•â•â•â•â•â•â•â•â•â•â•â•â•â•â•â•â•â•â•â•â•â•â•â•â•â•â•â•â•â•â•â•â•â•â•â•â•â•


ðŸ–¥ï¸  Platform: Windows (AMD64)
ðŸ Python: 3.13.9
ðŸ“¦ Target: FinancialAutomation.exe
âœ… PyInstaller: 6.16.0

================================================================================
Building FinancialAutomation for Windows
================================================================================

âœ… Created FinancialAutomation.spec

ðŸ“¦ Running PyInstaller...
Command: pyinstaller --clean --noconfirm FinancialAutomation.spec

390 INFO: PyInstaller: 6.16.0, contrib hooks: 2025.9
390 INFO: Python: 3.13.9
414 INFO: Platform: Windows-11-10.0.22631-SP0
414 INFO: Python environment: C:\Users\mishr\AppData\Local\Programs\Python\Python313
417 INFO: Removing temporary files and cleaning cache in C:\Users\mishr\AppData\Local\pyinstaller
430 INFO: Module search paths (PYTHONPATH):
['C:\\Users\\mishr\\AppData\\Local\\Programs\\Python\\Python313\\Scripts\\pyinstaller.exe',
 'C:\\Users\\mishr\\AppData\\Local\\Programs\\Python\\Python313\\python313.zip',
 'C:\\Users\\mishr\\AppData\\Local\\Programs\\Python\\Python313\\DLLs',
 'C:\\Users\\mishr\\AppData\\Local\\Programs\\Python\\Python313\\Lib',
 'C:\\Users\\mishr\\AppData\\Local\\Programs\\Python\\Python313',
 'C:\\Users\\mishr\\AppData\\Roaming\\Python\\Python313\\site-packages',
 'C:\\Users\\mishr\\AppData\\Roaming\\Python\\Python313\\site-packages\\win32',
 'C:\\Users\\mishr\\AppData\\Roaming\\Python\\Python313\\site-packages\\win32\\lib',
 'C:\\Users\\mishr\\AppData\\Roaming\\Python\\Python313\\site-packages\\Pythonwin',
 'C:\\Users\\mishr\\AppData\\Local\\Programs\\Python\\Python313\\Lib\\site-packages',
 'C:\\Users\\mishr\\AppData\\Roaming\\Python\\Python313\\site-packages\\setuptools\\_vendor',
 'C:\\Financials '
 'Automation_Github\\deployment_package_v1.0_FINAL_BUGFIXED\\deployment_package_v1.0_FINAL_BUGFIXED']
1831 INFO: Appending 'datas' from .spec
ERROR: Unable to find 'C:\\Financials Automation_Github\\deployment_package_v1.0_FINAL_BUGFIXED\\deployment_package_v1.0_FINAL_BUGFIXED\\resources' when adding binary and data files.

================================================================================
âŒ BUILD FAILED
================================================================================

Common issues:
   â€¢ PyInstaller not installed: pip install pyinstaller
   â€¢ Missing dependencies: pip install -r requirements.txt
   â€¢ Icon file missing: Create resources/icons/ directory
PS C:\Financials Automation_Github\deployment_package_v1.0_FINAL_BUGFIXED\deployment_package_v1.0_FINAL_BUGFIXED>